<?xml version="1.0" encoding="UTF-8"?>
<!-- Generated by org.testng.reporters.JUnitXMLReporter -->
<testsuite ignored="0" hostname="DESKTOP-QD1I7FB" failures="1" tests="6" name="Test" time="0.127" errors="0" timestamp="2024-03-18T15:20:40 IST">
  <testcase classname="com.test.Practice" name="test1" time="0.015"/>
  <testcase classname="com.test.Practice" name="test2" time="0.019">
    <skipped/>
  </testcase> <!-- test2 -->
  <testcase classname="com.test.Practice" name="test2" time="0.001">
    <skipped/>
  </testcase> <!-- test2 -->
  <testcase classname="com.test.Practice" name="test2" time="0.003">
    <skipped/>
  </testcase> <!-- test2 -->
  <testcase classname="com.test.Practice" name="test2" time="0.002">
    <skipped/>
  </testcase> <!-- test2 -->
  <testcase classname="com.test.Practice" name="test2" time="0.002">
    <failure type="java.lang.AssertionError" message="expected [true] but found [false]">
      <![CDATA[java.lang.AssertionError: expected [true] but found [false]
at com.test.Practice.test2(Practice.java:17)
at java.base/java.util.ArrayList.forEach(ArrayList.java:1511)
... Removed 31 stack frames]]>
    </failure>
  </testcase> <!-- test2 -->
</testsuite> <!-- Test -->
