<?xml version="1.0" encoding="UTF-8"?>
<testng-results ignored="0" total="2" passed="2" failed="0" skipped="0">
  <reporter-output>
  </reporter-output>
  <suite started-at="2024-03-21T13:22:58 IST" name="Default suite" finished-at="2024-03-21T13:22:59 IST" duration-ms="125">
    <groups>
    </groups>
    <test started-at="2024-03-21T13:22:58 IST" name="Default test" finished-at="2024-03-21T13:22:59 IST" duration-ms="125">
      <class name="com.test.TestCase">
        <test-method signature="test1()[pri:0, instance:com.test.TestCase@61001b64]" started-at="2024-03-21T13:22:59 IST" name="test1" finished-at="2024-03-21T13:22:59 IST" duration-ms="16" status="PASS">
          <reporter-output>
          </reporter-output>
        </test-method> <!-- test1 -->
        <test-method signature="test2()[pri:0, instance:com.test.TestCase@61001b64]" started-at="2024-03-21T13:22:59 IST" name="test2" finished-at="2024-03-21T13:22:59 IST" duration-ms="3" status="PASS">
          <reporter-output>
          </reporter-output>
        </test-method> <!-- test2 -->
      </class> <!-- com.test.TestCase -->
    </test> <!-- Default test -->
  </suite> <!-- Default suite -->
</testng-results>
